<?xml version="1.0" encoding="UTF-8"?>
<testsuite name="TestSuite" time="22.211" tests="1" errors="0" skipped="0" failures="1">
  <properties>
[...]
</properties>
  <testcase name="addNewCustomer" classname="com.iclickBankingTestCases.TC_AddCustomerTest_003" time="22.211">
    <failure type="junit.framework.AssertionFailedError:">junit.framework.AssertionFailedError: null
	at junit.framework.Assert.fail(Assert.java:47)
	at junit.framework.Assert.assertTrue(Assert.java:20)
	at junit.framework.Assert.assertTrue(Assert.java:27)
	at com.iclickBankingTestCases.TC_AddCustomerTest_003.addNewCustomer(TC_AddCustomerTest_003.java:53)
</failure>
    <system-out><![CDATA[ INFO [main] (BaseClass.java:73)- URL is opened
Screenshot taken
]]></system-out>
    <system-err><![CDATA[Starting ChromeDriver 90.0.4430.24 (4c6d850f087da467d926e8eddb76550aed655991-refs/branch-heads/4430@{#429}) on port 8568
Only local connections are allowed.
Please see https://chromedriver.chromium.org/security-considerations for suggestions on keeping ChromeDriver safe.
ChromeDriver was started successfully.
May 08, 2021 4:09:37 PM org.openqa.selenium.remote.ProtocolHandshake createSession
INFO: Detected dialect: W3C
]]></system-err>
  </testcase>
</testsuite>