<?xml version="1.0" encoding="UTF-8"?>
<!-- Generated by org.testng.reporters.JUnitXMLReporter -->
<testsuite hostname="DESKTOP-IREM7A5" name="BankingApp Test" tests="1" failures="1" timestamp="8 May 2021 10:46:31 GMT" time="32.855" errors="0">
  <testcase name="addNewCustomer" time="21.762" classname="com.iclickBankingTestCases.TC_AddCustomerTest_003">
    <failure type="junit.framework.AssertionFailedError">
      <![CDATA[junit.framework.AssertionFailedError
	at junit.framework.Assert.fail(Assert.java:47)
	at junit.framework.Assert.assertTrue(Assert.java:20)
	at junit.framework.Assert.assertTrue(Assert.java:27)
	at com.iclickBankingTestCases.TC_AddCustomerTest_003.addNewCustomer(TC_AddCustomerTest_003.java:53)
... Removed 24 stack frames]]>
    </failure>
  </testcase> <!-- addNewCustomer -->
</testsuite> <!-- BankingApp Test -->
